2020-05-21 06:28:58.762  INFO 9912 --- [restartedMain] c.a.moneytogo.MoneyToGoApplication       : Starting MoneyToGoApplication on DESKTOP-MRSKAKDE with PID 9912 (F:\springBoot\MoneyToGo\target\classes started by Pallavi in F:\springBoot\MoneyToGo)
2020-05-21 06:28:58.793  INFO 9912 --- [restartedMain] c.a.moneytogo.MoneyToGoApplication       : No active profile set, falling back to default profiles: default
2020-05-21 06:28:59.109  INFO 9912 --- [restartedMain] o.s.b.devtools.restart.ChangeableUrls    : The Class-Path manifest attribute in C:\Users\user\.m2\repository\org\glassfish\jaxb\jaxb-runtime\2.3.2\jaxb-runtime-2.3.2.jar referenced one or more files that do not exist: file:/C:/Users/user/.m2/repository/org/glassfish/jaxb/jaxb-runtime/2.3.2/jakarta.xml.bind-api-2.3.2.jar,file:/C:/Users/user/.m2/repository/org/glassfish/jaxb/jaxb-runtime/2.3.2/txw2-2.3.2.jar,file:/C:/Users/user/.m2/repository/org/glassfish/jaxb/jaxb-runtime/2.3.2/istack-commons-runtime-3.0.8.jar,file:/C:/Users/user/.m2/repository/org/glassfish/jaxb/jaxb-runtime/2.3.2/stax-ex-1.8.1.jar,file:/C:/Users/user/.m2/repository/org/glassfish/jaxb/jaxb-runtime/2.3.2/FastInfoset-1.2.16.jar,file:/C:/Users/user/.m2/repository/org/glassfish/jaxb/jaxb-runtime/2.3.2/jakarta.activation-api-1.2.1.jar
2020-05-21 06:28:59.153  INFO 9912 --- [restartedMain] .e.DevToolsPropertyDefaultsPostProcessor : Devtools property defaults active! Set 'spring.devtools.add-properties' to 'false' to disable
2020-05-21 06:28:59.153  INFO 9912 --- [restartedMain] .e.DevToolsPropertyDefaultsPostProcessor : For additional web related logging consider setting the 'logging.level.web' property to 'DEBUG'
2020-05-21 06:29:02.442  INFO 9912 --- [restartedMain] .s.d.r.c.RepositoryConfigurationDelegate : Bootstrapping Spring Data JPA repositories in DEFAULT mode.
2020-05-21 06:29:02.623  INFO 9912 --- [restartedMain] .s.d.r.c.RepositoryConfigurationDelegate : Finished Spring Data repository scanning in 154ms. Found 8 JPA repository interfaces.
2020-05-21 06:29:04.191  INFO 9912 --- [restartedMain] o.s.b.w.embedded.tomcat.TomcatWebServer  : Tomcat initialized with port(s): 9997 (http)
2020-05-21 06:29:04.236  INFO 9912 --- [restartedMain] o.apache.catalina.core.StandardService   : Starting service [Tomcat]
2020-05-21 06:29:04.237  INFO 9912 --- [restartedMain] org.apache.catalina.core.StandardEngine  : Starting Servlet engine: [Apache Tomcat/9.0.31]
2020-05-21 06:29:04.470  INFO 9912 --- [restartedMain] o.a.c.c.C.[Tomcat].[localhost].[/]       : Initializing Spring embedded WebApplicationContext
2020-05-21 06:29:04.471  INFO 9912 --- [restartedMain] o.s.web.context.ContextLoader            : Root WebApplicationContext: initialization completed in 5317 ms
2020-05-21 06:29:05.120  INFO 9912 --- [restartedMain] o.hibernate.jpa.internal.util.LogHelper  : HHH000204: Processing PersistenceUnitInfo [name: default]
2020-05-21 06:29:05.373  INFO 9912 --- [restartedMain] org.hibernate.Version                    : HHH000412: Hibernate ORM core version 5.4.12.Final
2020-05-21 06:29:05.732  INFO 9912 --- [restartedMain] o.hibernate.annotations.common.Version   : HCANN000001: Hibernate Commons Annotations {5.1.0.Final}
2020-05-21 06:29:06.222  INFO 9912 --- [restartedMain] com.zaxxer.hikari.HikariDataSource       : HikariPool-1 - Starting...
2020-05-21 06:29:07.633  INFO 9912 --- [restartedMain] com.zaxxer.hikari.HikariDataSource       : HikariPool-1 - Start completed.
2020-05-21 06:29:07.711  INFO 9912 --- [restartedMain] org.hibernate.dialect.Dialect            : HHH000400: Using dialect: org.hibernate.dialect.MySQL5Dialect
2020-05-21 06:29:11.138  INFO 9912 --- [restartedMain] o.h.e.t.j.p.i.JtaPlatformInitiator       : HHH000490: Using JtaPlatform implementation: [org.hibernate.engine.transaction.jta.platform.internal.NoJtaPlatform]
2020-05-21 06:29:11.175  INFO 9912 --- [restartedMain] j.LocalContainerEntityManagerFactoryBean : Initialized JPA EntityManagerFactory for persistence unit 'default'
2020-05-21 06:29:11.359  INFO 9912 --- [restartedMain] o.s.b.d.a.OptionalLiveReloadServer       : LiveReload server is running on port 35729
2020-05-21 06:29:12.756  WARN 9912 --- [restartedMain] JpaBaseConfiguration$JpaWebConfiguration : spring.jpa.open-in-view is enabled by default. Therefore, database queries may be performed during view rendering. Explicitly configure spring.jpa.open-in-view to disable this warning
2020-05-21 06:29:13.311  INFO 9912 --- [restartedMain] o.s.s.concurrent.ThreadPoolTaskExecutor  : Initializing ExecutorService 'applicationTaskExecutor'
2020-05-21 06:29:14.356  INFO 9912 --- [restartedMain] o.s.b.w.embedded.tomcat.TomcatWebServer  : Tomcat started on port(s): 9997 (http) with context path ''
2020-05-21 06:29:14.360  INFO 9912 --- [restartedMain] c.a.moneytogo.MoneyToGoApplication       : Started MoneyToGoApplication in 17.925 seconds (JVM running for 36.369)
2020-05-21 06:30:48.601  INFO 9912 --- [http-nio-9997-exec-1] o.a.c.c.C.[Tomcat].[localhost].[/]       : Initializing Spring DispatcherServlet 'dispatcherServlet'
2020-05-21 06:30:48.602  INFO 9912 --- [http-nio-9997-exec-1] o.s.web.servlet.DispatcherServlet        : Initializing Servlet 'dispatcherServlet'
2020-05-21 06:30:48.617  INFO 9912 --- [http-nio-9997-exec-1] o.s.web.servlet.DispatcherServlet        : Completed initialization in 14 ms
2020-05-21 06:30:49.181  INFO 9912 --- [http-nio-9997-exec-1] c.a.m.controller.EmployeeController      : getAdmin called
2020-05-21 06:31:58.777  INFO 9912 --- [http-nio-9997-exec-1] c.a.m.controller.EmployeeController      : getAdmin called
2020-05-21 06:32:31.732  INFO 9912 --- [http-nio-9997-exec-10] c.a.m.controller.EmployeeController      : getAdmin called
2020-05-21 06:33:37.387  INFO 9912 --- [http-nio-9997-exec-7] c.a.m.controller.EmployeeController      : getAdmin called
2020-05-21 06:35:25.828  INFO 9912 --- [http-nio-9997-exec-2] c.a.m.controller.EmployeeController      : getAdmin called
2020-05-21 06:37:54.499  INFO 9912 --- [http-nio-9997-exec-1] c.a.m.controller.EmployeeController      : getAdmin called
2020-05-21 06:40:01.136  INFO 9912 --- [http-nio-9997-exec-2] c.a.m.controller.EmployeeController      : getAdmin called
2020-05-21 06:41:01.687  INFO 9912 --- [http-nio-9997-exec-3] c.a.m.controller.EmployeeController      : getAdmin called
